0 info it worked if it ends with ok
1 verbose cli [ 'node', '/usr/local/bin/npm', 'run', 'butler' ]
2 info using npm@2.11.3
3 info using node@v0.12.7
4 verbose run-script [ 'prebutler', 'butler', 'postbutler' ]
5 info prebutler contatooh@1.0.0
6 info butler contatooh@1.0.0
7 verbose unsafe-perm in lifecycle true
8 info contatooh@1.0.0 Failed to exec butler script
9 verbose stack Error: contatooh@1.0.0 butler: `node_modules/butler/node_modules/.bin/gulp --gulpfile node_modules/butler/Gulpfile.js`
9 verbose stack spawn ENOENT
9 verbose stack     at ChildProcess.<anonymous> (/usr/local/lib/node_modules/npm/lib/utils/spawn.js:17:16)
9 verbose stack     at ChildProcess.emit (events.js:110:17)
9 verbose stack     at maybeClose (child_process.js:1015:16)
9 verbose stack     at Process.ChildProcess._handle.onexit (child_process.js:1087:5)
10 verbose pkgid contatooh@1.0.0
11 verbose cwd /Users/Wylde/Dropbox/Documents/Projetos/Projetos MEAN/contatooh
12 error Darwin 15.3.0
13 error argv "node" "/usr/local/bin/npm" "run" "butler"
14 error node v0.12.7
15 error npm  v2.11.3
16 error file sh
17 error code ELIFECYCLE
18 error errno ENOENT
19 error syscall spawn
20 error contatooh@1.0.0 butler: `node_modules/butler/node_modules/.bin/gulp --gulpfile node_modules/butler/Gulpfile.js`
20 error spawn ENOENT
21 error Failed at the contatooh@1.0.0 butler script 'node_modules/butler/node_modules/.bin/gulp --gulpfile node_modules/butler/Gulpfile.js'.
21 error This is most likely a problem with the contatooh package,
21 error not with npm itself.
21 error Tell the author that this fails on your system:
21 error     node_modules/butler/node_modules/.bin/gulp --gulpfile node_modules/butler/Gulpfile.js
21 error You can get their info via:
21 error     npm owner ls contatooh
21 error There is likely additional logging output above.
22 verbose exit [ 1, true ]
